13/05/19 13:42:14.99 [info]: users DbGen/Mongo/SynchroStart Sync op on db syncops list
13/05/19 13:42:15.00 [info]: events DbGen/Mongo/SynchroStart Sync op on db syncops list
13/05/19 13:42:18.68 [info]: events DbGen/Mongo/SynchroStart Opening database
13/05/19 13:42:18.68 [notice]: DbGen/Mongo MongoDB found at '/usr/bin/mongod'
13/05/19 13:42:18.68 [notice]: DbGen/Mongo MongoDB seems launched (pid:2087)
13/05/19 13:42:18.69 [info]: users DbGen/Mongo/SynchroStart Opening database
13/05/19 13:42:18.69 [notice]: DbGen/Mongo MongoDB found at '/usr/bin/mongod'
13/05/19 13:42:18.76 [notice]: DbGen/Mongo MongoDB seems launched (pid:2087)
13/05/19 13:42:18.87 [info]: events DbGen/Mongo/SynchroStart Processing sync op 0, start noqweosvnafaqvhw
13/05/19 13:42:18.87 [info]: users DbGen/Mongo/SynchroStart Processing sync op 0, start wjkieszzzqloyfxr
13/05/19 13:42:18.89 [notice]: DbGen/Mongo (success) Index [user] at [all] has been created
13/05/19 13:42:18.89 [info]: users DbGen/Mongo/SynchroStart Processing sync op, finished wjkieszzzqloyfxr
13/05/19 13:42:18.89 [info]: users DbGen/Mongo/SynchroStart Db is ready
13/05/19 13:42:18.89 [info]: users DbGen/Mongo/SynchroStart Process 0 operations on the db wait list, start
13/05/19 13:42:18.89 [info]: users DbGen/Mongo/SynchroStart Process 0 operations on the db wait list, finished
13/05/19 13:42:18.90 [notice]: DbGen/Mongo (success) Index [event_id] at [all] has been created
13/05/19 13:42:18.90 [info]: events DbGen/Mongo/SynchroStart Processing sync op, finished noqweosvnafaqvhw
13/05/19 13:42:18.90 [info]: events DbGen/Mongo/SynchroStart Db is ready
13/05/19 13:42:18.90 [info]: events DbGen/Mongo/SynchroStart Process 0 operations on the db wait list, start
13/05/19 13:42:18.90 [info]: events DbGen/Mongo/SynchroStart Process 0 operations on the db wait list, finished
13/05/24 12:42:22.72 [info]: users DbGen/Mongo/SynchroStart Sync op on db syncops list
13/05/24 12:42:22.74 [info]: events DbGen/Mongo/SynchroStart Sync op on db syncops list
13/05/24 12:42:26.22 [info]: events DbGen/Mongo/SynchroStart Opening database
13/05/24 12:42:26.23 [notice]: DbGen/Mongo MongoDB found at '/usr/bin/mongod'
13/05/24 12:42:26.23 [notice]: DbGen/Mongo Launching MongoDB with --pidfilepath /tmp/opaMongo.pid --noprealloc --bind_ip 0.0.0.0 --dbpath /home/diel/.opa/mongo/data --fork --logpath /home/diel/.opa/mongo/mongo.log
13/05/24 12:42:26.25 [info]: users DbGen/Mongo/SynchroStart Opening database
13/05/24 12:42:26.25 [notice]: DbGen/Mongo MongoDB found at '/usr/bin/mongod'
13/05/24 12:42:26.25 [notice]: DbGen/Mongo Launching MongoDB with --pidfilepath /tmp/opaMongo.pid --noprealloc --bind_ip 0.0.0.0 --dbpath /home/diel/.opa/mongo/data --fork --logpath /home/diel/.opa/mongo/mongo.log
13/05/24 12:42:26.64 [notice]: DbGen/Mongo MongoDB seems launched (pid:2291)
13/05/24 12:42:26.65 [info]: events DbGen/Mongo/SynchroStart Processing sync op 0, start hwbjsczvdnjfqswh
13/05/24 12:42:26.67 [notice]: DbGen/Mongo MongoDB seems launched (pid:2291)
13/05/24 12:42:26.67 [info]: users DbGen/Mongo/SynchroStart Processing sync op 0, start vehnxccwwsqwxeeu
13/05/24 12:42:26.70 [notice]: DbGen/Mongo (success) Index [event_id] at [all] has been created
13/05/24 12:42:26.70 [info]: events DbGen/Mongo/SynchroStart Processing sync op, finished hwbjsczvdnjfqswh
13/05/24 12:42:26.70 [info]: events DbGen/Mongo/SynchroStart Db is ready
13/05/24 12:42:26.70 [info]: events DbGen/Mongo/SynchroStart Process 0 operations on the db wait list, start
13/05/24 12:42:26.70 [info]: events DbGen/Mongo/SynchroStart Process 0 operations on the db wait list, finished
13/05/24 12:42:26.76 [notice]: DbGen/Mongo (success) Index [user] at [all] has been created
13/05/24 12:42:26.76 [info]: users DbGen/Mongo/SynchroStart Processing sync op, finished vehnxccwwsqwxeeu
13/05/24 12:42:26.76 [info]: users DbGen/Mongo/SynchroStart Db is ready
13/05/24 12:42:26.77 [info]: users DbGen/Mongo/SynchroStart Process 0 operations on the db wait list, start
13/05/24 12:42:26.77 [info]: users DbGen/Mongo/SynchroStart Process 0 operations on the db wait list, finished
13/05/24 12:42:29.66 [info]: Cell_Server Delegate cell call
13/05/24 12:42:52.13 [info]: Cell_Server Delegate cell call
13/05/24 14:21:06.79 [info]: users DbGen/Mongo/SynchroStart Sync op on db syncops list
13/05/24 14:21:06.79 [info]: events DbGen/Mongo/SynchroStart Sync op on db syncops list
13/05/24 14:21:10.54 [info]: events DbGen/Mongo/SynchroStart Opening database
13/05/24 14:21:10.54 [notice]: DbGen/Mongo MongoDB found at '/usr/bin/mongod'
13/05/24 14:21:10.54 [notice]: DbGen/Mongo MongoDB seems launched (pid:2291)
13/05/24 14:21:10.54 [info]: users DbGen/Mongo/SynchroStart Opening database
13/05/24 14:21:10.55 [notice]: DbGen/Mongo MongoDB found at '/usr/bin/mongod'
13/05/24 14:21:10.55 [notice]: DbGen/Mongo MongoDB seems launched (pid:2291)
13/05/24 14:21:10.55 [info]: events DbGen/Mongo/SynchroStart Processing sync op 0, start lvaflpedsupeynpx
13/05/24 14:21:10.56 [info]: users DbGen/Mongo/SynchroStart Processing sync op 0, start krpryfwzttxjtmys
13/05/24 14:21:10.69 [notice]: DbGen/Mongo (success) Index [user] at [all] has been created
13/05/24 14:21:10.69 [info]: users DbGen/Mongo/SynchroStart Processing sync op, finished krpryfwzttxjtmys
13/05/24 14:21:10.70 [info]: users DbGen/Mongo/SynchroStart Db is ready
13/05/24 14:21:10.70 [info]: users DbGen/Mongo/SynchroStart Process 0 operations on the db wait list, start
13/05/24 14:21:10.70 [info]: users DbGen/Mongo/SynchroStart Process 0 operations on the db wait list, finished
13/05/24 14:21:10.70 [notice]: DbGen/Mongo (success) Index [event_id] at [all] has been created
13/05/24 14:21:10.70 [info]: events DbGen/Mongo/SynchroStart Processing sync op, finished lvaflpedsupeynpx
13/05/24 14:21:10.70 [info]: events DbGen/Mongo/SynchroStart Db is ready
13/05/24 14:21:10.70 [info]: events DbGen/Mongo/SynchroStart Process 0 operations on the db wait list, start
13/05/24 14:21:10.70 [info]: events DbGen/Mongo/SynchroStart Process 0 operations on the db wait list, finished
13/05/24 14:21:16.61 [info]: Cell_Server Delegate cell call
13/05/24 14:21:17.68 [info]: Cell_Server Delegate cell call
13/05/24 14:21:43.21 [info]: Cell_Server Delegate cell call
13/05/24 14:21:51.19 [info]: Cell_Server Delegate cell call
13/05/24 14:23:28.94 [error]: PING PING(68, {client = cjjaqwfhwsbmnbg5pbh9etkzpt8vs4yf; page = 6615030774628352}) not registered PING(67) already present
13/05/24 14:23:34.11 [info]: Cell_Server Delegate cell call
13/05/24 14:24:31.62 [error]: PING PING(55, {client = cjjaqwfhwsbmnbg5pbh9etkzpt8vs4yf; page = 870011222622208}) not registered PING(54) already present
13/05/24 14:29:29.86 [info]: users DbGen/Mongo/SynchroStart Sync op on db syncops list
13/05/24 14:29:29.86 [info]: events DbGen/Mongo/SynchroStart Sync op on db syncops list
13/05/24 14:29:34.05 [info]: events DbGen/Mongo/SynchroStart Opening database
13/05/24 14:29:34.06 [notice]: DbGen/Mongo MongoDB found at '/usr/bin/mongod'
13/05/24 14:29:34.06 [notice]: DbGen/Mongo MongoDB seems launched (pid:2291)
13/05/24 14:29:34.06 [info]: users DbGen/Mongo/SynchroStart Opening database
13/05/24 14:29:34.07 [notice]: DbGen/Mongo MongoDB found at '/usr/bin/mongod'
13/05/24 14:29:34.18 [notice]: DbGen/Mongo MongoDB seems launched (pid:2291)
13/05/24 14:29:34.19 [info]: events DbGen/Mongo/SynchroStart Processing sync op 0, start mzxrfwlbjnkqscmq
13/05/24 14:29:34.19 [info]: users DbGen/Mongo/SynchroStart Processing sync op 0, start amkrnegqgpdlaoun
13/05/24 14:29:34.29 [notice]: DbGen/Mongo (success) Index [user] at [all] has been created
13/05/24 14:29:34.29 [info]: users DbGen/Mongo/SynchroStart Processing sync op, finished amkrnegqgpdlaoun
13/05/24 14:29:34.29 [info]: users DbGen/Mongo/SynchroStart Db is ready
13/05/24 14:29:34.29 [info]: users DbGen/Mongo/SynchroStart Process 0 operations on the db wait list, start
13/05/24 14:29:34.30 [info]: users DbGen/Mongo/SynchroStart Process 0 operations on the db wait list, finished
13/05/24 14:29:34.30 [notice]: DbGen/Mongo (success) Index [event_id] at [all] has been created
13/05/24 14:29:34.30 [info]: events DbGen/Mongo/SynchroStart Processing sync op, finished mzxrfwlbjnkqscmq
13/05/24 14:29:34.30 [info]: events DbGen/Mongo/SynchroStart Db is ready
13/05/24 14:29:34.30 [info]: events DbGen/Mongo/SynchroStart Process 0 operations on the db wait list, start
13/05/24 14:29:34.30 [info]: events DbGen/Mongo/SynchroStart Process 0 operations on the db wait list, finished
13/05/24 14:31:23.50 [info]: Cell_Server Delegate cell call
13/05/24 14:31:25.28 [info]: Cell_Server Delegate cell call
13/05/24 15:51:10.33 [info]: users DbGen/Mongo/SynchroStart Sync op on db syncops list
13/05/24 15:51:10.33 [info]: events DbGen/Mongo/SynchroStart Sync op on db syncops list
13/05/24 15:51:15.46 [info]: events DbGen/Mongo/SynchroStart Opening database
13/05/24 15:51:15.47 [notice]: DbGen/Mongo MongoDB found at '/usr/bin/mongod'
13/05/24 15:51:15.47 [notice]: DbGen/Mongo MongoDB seems launched (pid:2291)
13/05/24 15:51:15.47 [info]: users DbGen/Mongo/SynchroStart Opening database
13/05/24 15:51:15.48 [notice]: DbGen/Mongo MongoDB found at '/usr/bin/mongod'
13/05/24 15:51:15.52 [notice]: DbGen/Mongo MongoDB seems launched (pid:2291)
13/05/24 15:51:15.52 [info]: events DbGen/Mongo/SynchroStart Processing sync op 0, start mhzdifkxluvtjlqe
13/05/24 15:51:15.53 [info]: users DbGen/Mongo/SynchroStart Processing sync op 0, start xvblflfydinevgeq
13/05/24 15:51:15.55 [notice]: DbGen/Mongo (success) Index [user] at [all] has been created
13/05/24 15:51:15.55 [info]: users DbGen/Mongo/SynchroStart Processing sync op, finished xvblflfydinevgeq
13/05/24 15:51:15.55 [info]: users DbGen/Mongo/SynchroStart Db is ready
13/05/24 15:51:15.55 [info]: users DbGen/Mongo/SynchroStart Process 0 operations on the db wait list, start
13/05/24 15:51:15.55 [info]: users DbGen/Mongo/SynchroStart Process 0 operations on the db wait list, finished
13/05/24 15:51:15.56 [notice]: DbGen/Mongo (success) Index [event_id] at [all] has been created
13/05/24 15:51:15.56 [info]: events DbGen/Mongo/SynchroStart Processing sync op, finished mhzdifkxluvtjlqe
13/05/24 15:51:15.56 [info]: events DbGen/Mongo/SynchroStart Db is ready
13/05/24 15:51:15.56 [info]: events DbGen/Mongo/SynchroStart Process 0 operations on the db wait list, start
13/05/24 15:51:15.56 [info]: events DbGen/Mongo/SynchroStart Process 0 operations on the db wait list, finished
13/05/24 15:51:48.10 [info]: Cell_Server Delegate cell call
13/05/24 15:51:55.43 [info]: Cell_Server Delegate cell call
13/05/24 15:57:54.23 [info]: users DbGen/Mongo/SynchroStart Sync op on db syncops list
13/05/24 15:57:54.23 [info]: events DbGen/Mongo/SynchroStart Sync op on db syncops list
13/05/24 15:57:58.01 [info]: events DbGen/Mongo/SynchroStart Opening database
13/05/24 15:57:58.02 [notice]: DbGen/Mongo MongoDB found at '/usr/bin/mongod'
13/05/24 15:57:58.02 [notice]: DbGen/Mongo MongoDB seems launched (pid:2291)
13/05/24 15:57:58.03 [info]: users DbGen/Mongo/SynchroStart Opening database
13/05/24 15:57:58.03 [notice]: DbGen/Mongo MongoDB found at '/usr/bin/mongod'
13/05/24 15:57:58.03 [notice]: DbGen/Mongo MongoDB seems launched (pid:2291)
13/05/24 15:57:58.04 [info]: events DbGen/Mongo/SynchroStart Processing sync op 0, start sxjjkrfnkprcelqz
13/05/24 15:57:58.04 [info]: users DbGen/Mongo/SynchroStart Processing sync op 0, start sszmwyjbdmaqdqfy
13/05/24 15:57:58.07 [notice]: DbGen/Mongo (success) Index [user] at [all] has been created
13/05/24 15:57:58.07 [info]: users DbGen/Mongo/SynchroStart Processing sync op, finished sszmwyjbdmaqdqfy
13/05/24 15:57:58.07 [info]: users DbGen/Mongo/SynchroStart Db is ready
13/05/24 15:57:58.07 [info]: users DbGen/Mongo/SynchroStart Process 0 operations on the db wait list, start
13/05/24 15:57:58.07 [info]: users DbGen/Mongo/SynchroStart Process 0 operations on the db wait list, finished
13/05/24 15:57:58.08 [notice]: DbGen/Mongo (success) Index [event_id] at [all] has been created
13/05/24 15:57:58.08 [info]: events DbGen/Mongo/SynchroStart Processing sync op, finished sxjjkrfnkprcelqz
13/05/24 15:57:58.08 [info]: events DbGen/Mongo/SynchroStart Db is ready
13/05/24 15:57:58.08 [info]: events DbGen/Mongo/SynchroStart Process 0 operations on the db wait list, start
13/05/24 15:57:58.08 [info]: events DbGen/Mongo/SynchroStart Process 0 operations on the db wait list, finished
13/05/24 15:58:07.49 [info]: Cell_Server Delegate cell call
13/05/24 15:58:08.69 [info]: Cell_Server Delegate cell call
13/05/24 15:59:37.09 [error]: PING PING(78, {client = f2hqv26z7mqrjmzdrjbfubtv1zt9p20b; page = 717379178856448}) not registered PING(77) already present
13/05/24 15:59:57.83 [info]: Cell_Server Delegate cell call
13/05/24 16:12:11.68 [info]: users DbGen/Mongo/SynchroStart Sync op on db syncops list
13/05/24 16:12:11.68 [info]: events DbGen/Mongo/SynchroStart Sync op on db syncops list
13/05/24 16:12:15.63 [info]: events DbGen/Mongo/SynchroStart Opening database
13/05/24 16:12:15.64 [notice]: DbGen/Mongo MongoDB found at '/usr/bin/mongod'
13/05/24 16:12:15.64 [notice]: DbGen/Mongo MongoDB seems launched (pid:2291)
13/05/24 16:12:15.64 [info]: users DbGen/Mongo/SynchroStart Opening database
13/05/24 16:12:15.64 [notice]: DbGen/Mongo MongoDB found at '/usr/bin/mongod'
13/05/24 16:12:15.64 [notice]: DbGen/Mongo MongoDB seems launched (pid:2291)
13/05/24 16:12:15.67 [info]: events DbGen/Mongo/SynchroStart Processing sync op 0, start joojiidwrgbtuccs
13/05/24 16:12:15.67 [info]: users DbGen/Mongo/SynchroStart Processing sync op 0, start axzitvohjcfxxsdx
13/05/24 16:12:15.79 [notice]: DbGen/Mongo (success) Index [user] at [all] has been created
13/05/24 16:12:15.79 [info]: users DbGen/Mongo/SynchroStart Processing sync op, finished axzitvohjcfxxsdx
13/05/24 16:12:15.79 [info]: users DbGen/Mongo/SynchroStart Db is ready
13/05/24 16:12:15.79 [info]: users DbGen/Mongo/SynchroStart Process 0 operations on the db wait list, start
13/05/24 16:12:15.79 [info]: users DbGen/Mongo/SynchroStart Process 0 operations on the db wait list, finished
13/05/24 16:12:15.80 [notice]: DbGen/Mongo (success) Index [event_id] at [all] has been created
13/05/24 16:12:15.80 [info]: events DbGen/Mongo/SynchroStart Processing sync op, finished joojiidwrgbtuccs
13/05/24 16:12:15.80 [info]: events DbGen/Mongo/SynchroStart Db is ready
13/05/24 16:12:15.80 [info]: events DbGen/Mongo/SynchroStart Process 0 operations on the db wait list, start
13/05/24 16:12:15.80 [info]: events DbGen/Mongo/SynchroStart Process 0 operations on the db wait list, finished
13/05/24 16:12:20.27 [info]: Cell_Server Delegate cell call
13/05/24 16:12:21.58 [info]: Cell_Server Delegate cell call
13/05/24 16:13:24.74 [info]: Cell_Server Delegate cell call
13/05/24 16:21:53.01 [info]: users DbGen/Mongo/SynchroStart Sync op on db syncops list
13/05/24 16:21:53.01 [info]: events DbGen/Mongo/SynchroStart Sync op on db syncops list
13/05/24 16:21:57.01 [info]: events DbGen/Mongo/SynchroStart Opening database
13/05/24 16:21:57.01 [notice]: DbGen/Mongo MongoDB found at '/usr/bin/mongod'
13/05/24 16:21:57.02 [notice]: DbGen/Mongo MongoDB seems launched (pid:2291)
13/05/24 16:21:57.02 [info]: users DbGen/Mongo/SynchroStart Opening database
13/05/24 16:21:57.02 [notice]: DbGen/Mongo MongoDB found at '/usr/bin/mongod'
13/05/24 16:21:57.02 [notice]: DbGen/Mongo MongoDB seems launched (pid:2291)
13/05/24 16:21:57.03 [info]: events DbGen/Mongo/SynchroStart Processing sync op 0, start nyvcbdxicigmfjsk
13/05/24 16:21:57.04 [info]: users DbGen/Mongo/SynchroStart Processing sync op 0, start boungxvrlobyflec
13/05/24 16:21:57.08 [notice]: DbGen/Mongo (success) Index [user] at [all] has been created
13/05/24 16:21:57.08 [info]: users DbGen/Mongo/SynchroStart Processing sync op, finished boungxvrlobyflec
13/05/24 16:21:57.08 [info]: users DbGen/Mongo/SynchroStart Db is ready
13/05/24 16:21:57.08 [info]: users DbGen/Mongo/SynchroStart Process 0 operations on the db wait list, start
13/05/24 16:21:57.08 [info]: users DbGen/Mongo/SynchroStart Process 0 operations on the db wait list, finished
13/05/24 16:21:57.09 [notice]: DbGen/Mongo (success) Index [event_id] at [all] has been created
13/05/24 16:21:57.09 [info]: events DbGen/Mongo/SynchroStart Processing sync op, finished nyvcbdxicigmfjsk
13/05/24 16:21:57.09 [info]: events DbGen/Mongo/SynchroStart Db is ready
13/05/24 16:21:57.09 [info]: events DbGen/Mongo/SynchroStart Process 0 operations on the db wait list, start
13/05/24 16:21:57.09 [info]: events DbGen/Mongo/SynchroStart Process 0 operations on the db wait list, finished
13/05/24 16:22:28.80 [info]: Cell_Server Delegate cell call
13/05/24 16:23:11.49 [info]: users DbGen/Mongo/SynchroStart Sync op on db syncops list
13/05/24 16:23:11.49 [info]: events DbGen/Mongo/SynchroStart Sync op on db syncops list
13/05/24 16:23:15.51 [info]: events DbGen/Mongo/SynchroStart Opening database
13/05/24 16:23:15.51 [notice]: DbGen/Mongo MongoDB found at '/usr/bin/mongod'
13/05/24 16:23:15.51 [notice]: DbGen/Mongo MongoDB seems launched (pid:2291)
13/05/24 16:23:15.52 [info]: users DbGen/Mongo/SynchroStart Opening database
13/05/24 16:23:15.52 [notice]: DbGen/Mongo MongoDB found at '/usr/bin/mongod'
13/05/24 16:23:15.52 [notice]: DbGen/Mongo MongoDB seems launched (pid:2291)
13/05/24 16:23:15.53 [info]: events DbGen/Mongo/SynchroStart Processing sync op 0, start kdrxykznlfithnpw
13/05/24 16:23:15.53 [info]: users DbGen/Mongo/SynchroStart Processing sync op 0, start qjmqgdbkzehbwhie
13/05/24 16:23:15.67 [notice]: DbGen/Mongo (success) Index [user] at [all] has been created
13/05/24 16:23:15.67 [info]: users DbGen/Mongo/SynchroStart Processing sync op, finished qjmqgdbkzehbwhie
13/05/24 16:23:15.67 [info]: users DbGen/Mongo/SynchroStart Db is ready
13/05/24 16:23:15.67 [info]: users DbGen/Mongo/SynchroStart Process 0 operations on the db wait list, start
13/05/24 16:23:15.67 [info]: users DbGen/Mongo/SynchroStart Process 0 operations on the db wait list, finished
13/05/24 16:23:15.67 [notice]: DbGen/Mongo (success) Index [event_id] at [all] has been created
13/05/24 16:23:15.68 [info]: events DbGen/Mongo/SynchroStart Processing sync op, finished kdrxykznlfithnpw
13/05/24 16:23:15.68 [info]: events DbGen/Mongo/SynchroStart Db is ready
13/05/24 16:23:15.68 [info]: events DbGen/Mongo/SynchroStart Process 0 operations on the db wait list, start
13/05/24 16:23:15.68 [info]: events DbGen/Mongo/SynchroStart Process 0 operations on the db wait list, finished
13/05/24 16:23:18.38 [info]: Cell_Server Delegate cell call
13/05/24 16:23:36.66 [info]: Cell_Server Delegate cell call
13/05/24 16:24:49.86 [info]: users DbGen/Mongo/SynchroStart Sync op on db syncops list
13/05/24 16:24:49.86 [info]: events DbGen/Mongo/SynchroStart Sync op on db syncops list
13/05/24 16:24:53.75 [info]: events DbGen/Mongo/SynchroStart Opening database
13/05/24 16:24:53.79 [notice]: DbGen/Mongo MongoDB found at '/usr/bin/mongod'
13/05/24 16:24:53.79 [notice]: DbGen/Mongo MongoDB seems launched (pid:2291)
13/05/24 16:24:53.80 [info]: users DbGen/Mongo/SynchroStart Opening database
13/05/24 16:24:53.90 [notice]: DbGen/Mongo MongoDB found at '/usr/bin/mongod'
13/05/24 16:24:53.90 [notice]: DbGen/Mongo MongoDB seems launched (pid:2291)
13/05/24 16:24:53.91 [info]: events DbGen/Mongo/SynchroStart Processing sync op 0, start rlxmmofdkrzuqzhb
13/05/24 16:24:53.92 [info]: users DbGen/Mongo/SynchroStart Processing sync op 0, start bwzdfusofdeekvui
13/05/24 16:24:53.94 [notice]: DbGen/Mongo (success) Index [user] at [all] has been created
13/05/24 16:24:53.94 [info]: users DbGen/Mongo/SynchroStart Processing sync op, finished bwzdfusofdeekvui
13/05/24 16:24:53.94 [info]: users DbGen/Mongo/SynchroStart Db is ready
13/05/24 16:24:53.94 [info]: users DbGen/Mongo/SynchroStart Process 0 operations on the db wait list, start
13/05/24 16:24:53.94 [info]: users DbGen/Mongo/SynchroStart Process 0 operations on the db wait list, finished
13/05/24 16:24:53.95 [notice]: DbGen/Mongo (success) Index [event_id] at [all] has been created
13/05/24 16:24:53.95 [info]: events DbGen/Mongo/SynchroStart Processing sync op, finished rlxmmofdkrzuqzhb
13/05/24 16:24:53.96 [info]: events DbGen/Mongo/SynchroStart Db is ready
13/05/24 16:24:53.96 [info]: events DbGen/Mongo/SynchroStart Process 0 operations on the db wait list, start
13/05/24 16:24:53.96 [info]: events DbGen/Mongo/SynchroStart Process 0 operations on the db wait list, finished
13/05/24 16:24:58.84 [info]: Cell_Server Delegate cell call
13/05/24 16:25:06.82 [info]: Cell_Server Delegate cell call
13/05/28 17:15:13.37 [info]: users DbGen/Mongo/SynchroStart Sync op on db syncops list
13/05/28 17:15:13.40 [info]: events DbGen/Mongo/SynchroStart Sync op on db syncops list
13/05/28 17:15:16.68 [info]: events DbGen/Mongo/SynchroStart Opening database
13/05/28 17:15:16.70 [notice]: DbGen/Mongo MongoDB found at '/usr/bin/mongod'
13/05/28 17:15:16.71 [notice]: DbGen/Mongo Launching MongoDB with --pidfilepath /tmp/opaMongo.pid --noprealloc --bind_ip 0.0.0.0 --dbpath /home/diel/.opa/mongo/data --fork --logpath /home/diel/.opa/mongo/mongo.log
13/05/28 17:15:16.80 [info]: users DbGen/Mongo/SynchroStart Opening database
13/05/28 17:15:16.80 [notice]: DbGen/Mongo MongoDB found at '/usr/bin/mongod'
13/05/28 17:15:16.80 [notice]: DbGen/Mongo Launching MongoDB with --pidfilepath /tmp/opaMongo.pid --noprealloc --bind_ip 0.0.0.0 --dbpath /home/diel/.opa/mongo/data --fork --logpath /home/diel/.opa/mongo/mongo.log
13/05/28 17:15:17.10 [notice]: DbGen/Mongo MongoDB seems launched (pid:1888)
13/05/28 17:15:17.10 [notice]: DbGen/Mongo MongoDB seems launched (pid:1888)
13/05/28 17:15:17.11 [info]: events DbGen/Mongo/SynchroStart Processing sync op 0, start uhqzjzhwrevtzhuh
13/05/28 17:15:17.12 [info]: users DbGen/Mongo/SynchroStart Processing sync op 0, start byccnemvwlpzwcmp
13/05/28 17:15:53.58 [info]: Cell_Server Delegate cell call
13/05/28 17:15:53.86 [info]: events DbGen/Mongo/SynchroStart Operation on db wait list
13/05/28 17:18:17.19 [info]: users DbGen/Mongo/SynchroStart Sync op on db syncops list
13/05/28 17:18:17.19 [info]: events DbGen/Mongo/SynchroStart Sync op on db syncops list
13/05/28 17:18:20.69 [info]: events DbGen/Mongo/SynchroStart Opening database
13/05/28 17:18:20.69 [notice]: DbGen/Mongo MongoDB found at '/usr/bin/mongod'
13/05/28 17:18:20.70 [notice]: DbGen/Mongo MongoDB seems launched (pid:1888)
13/05/28 17:18:20.70 [info]: users DbGen/Mongo/SynchroStart Opening database
13/05/28 17:18:20.70 [notice]: DbGen/Mongo MongoDB found at '/usr/bin/mongod'
13/05/28 17:18:20.70 [notice]: DbGen/Mongo MongoDB seems launched (pid:1888)
13/05/28 17:18:20.71 [info]: events DbGen/Mongo/SynchroStart Processing sync op 0, start hrbfvzpxqjuvmgmk
13/05/28 17:18:20.71 [info]: users DbGen/Mongo/SynchroStart Processing sync op 0, start uppblojhjrtqpsos
13/05/28 17:18:20.89 [notice]: DbGen/Mongo (success) Index [user] at [all] has been created
13/05/28 17:18:20.89 [info]: users DbGen/Mongo/SynchroStart Processing sync op, finished uppblojhjrtqpsos
13/05/28 17:18:20.89 [info]: users DbGen/Mongo/SynchroStart Db is ready
13/05/28 17:18:20.89 [info]: users DbGen/Mongo/SynchroStart Process 0 operations on the db wait list, start
13/05/28 17:18:20.89 [info]: users DbGen/Mongo/SynchroStart Process 0 operations on the db wait list, finished
13/05/28 17:18:20.90 [notice]: DbGen/Mongo (success) Index [event_id] at [all] has been created
13/05/28 17:18:20.90 [info]: events DbGen/Mongo/SynchroStart Processing sync op, finished hrbfvzpxqjuvmgmk
13/05/28 17:18:20.90 [info]: events DbGen/Mongo/SynchroStart Db is ready
13/05/28 17:18:20.90 [info]: events DbGen/Mongo/SynchroStart Process 0 operations on the db wait list, start
13/05/28 17:18:20.92 [info]: events DbGen/Mongo/SynchroStart Process 0 operations on the db wait list, finished
13/05/28 17:18:26.65 [info]: Cell_Server Delegate cell call
13/05/28 17:19:57.34 [info]: Cell_Server Delegate cell call
13/05/28 17:26:48.01 [info]: Cell_Server Delegate cell call
13/05/28 17:26:53.73 [info]: Cell_Server Delegate cell call
13/05/28 17:29:10.98 [info]: Cell_Server Delegate cell call
13/05/28 17:53:58.60 [info]: Cell_Server Delegate cell call
13/05/28 17:54:54.84 [info]: Cell_Server Delegate cell call
13/05/28 17:57:59.04 [info]: Cell_Server Delegate cell call
13/05/28 18:19:45.28 [info]: Cell_Server Delegate cell call
13/05/28 18:24:40.09 [info]: Cell_Server Delegate cell call
13/05/28 18:26:36.29 [info]: Cell_Server Delegate cell call
13/05/28 19:08:10.73 [info]: Cell_Server Delegate cell call
13/05/28 19:08:26.85 [info]: Cell_Server Delegate cell call
13/05/28 19:09:06.02 [info]: Cell_Server Delegate cell call
13/05/28 19:12:57.93 [error]: PING PING(72, {client = 915jflulyayv2trsnkc6avit6kw4kafn; page = 4457162373857280}) not registered PING(71) already present
13/05/28 19:13:33.78 [info]: users DbGen/Mongo/SynchroStart Sync op on db syncops list
13/05/28 19:13:33.79 [info]: events DbGen/Mongo/SynchroStart Sync op on db syncops list
13/05/28 19:13:37.06 [info]: events DbGen/Mongo/SynchroStart Opening database
13/05/28 19:13:37.06 [notice]: DbGen/Mongo MongoDB found at '/usr/bin/mongod'
13/05/28 19:13:37.06 [notice]: DbGen/Mongo MongoDB seems launched (pid:1888)
13/05/28 19:13:37.07 [info]: users DbGen/Mongo/SynchroStart Opening database
13/05/28 19:13:37.07 [notice]: DbGen/Mongo MongoDB found at '/usr/bin/mongod'
13/05/28 19:13:37.07 [notice]: DbGen/Mongo MongoDB seems launched (pid:1888)
13/05/28 19:13:37.07 [info]: events DbGen/Mongo/SynchroStart Processing sync op 0, start qhbptrldnhuqhelx
13/05/28 19:13:37.08 [info]: users DbGen/Mongo/SynchroStart Processing sync op 0, start ldmptosmnjzgezbt
13/05/28 19:13:37.09 [notice]: DbGen/Mongo (success) Index [user] at [all] has been created
13/05/28 19:13:37.09 [info]: users DbGen/Mongo/SynchroStart Processing sync op, finished ldmptosmnjzgezbt
13/05/28 19:13:37.09 [info]: users DbGen/Mongo/SynchroStart Db is ready
13/05/28 19:13:37.10 [info]: users DbGen/Mongo/SynchroStart Process 0 operations on the db wait list, start
13/05/28 19:13:37.10 [info]: users DbGen/Mongo/SynchroStart Process 0 operations on the db wait list, finished
13/05/28 19:13:37.10 [notice]: DbGen/Mongo (success) Index [event_id] at [all] has been created
13/05/28 19:13:37.10 [info]: events DbGen/Mongo/SynchroStart Processing sync op, finished qhbptrldnhuqhelx
13/05/28 19:13:37.10 [info]: events DbGen/Mongo/SynchroStart Db is ready
13/05/28 19:13:37.10 [info]: events DbGen/Mongo/SynchroStart Process 0 operations on the db wait list, start
13/05/28 19:13:37.10 [info]: events DbGen/Mongo/SynchroStart Process 0 operations on the db wait list, finished
13/05/28 19:23:09.58 [info]: Cell_Server Delegate cell call
13/05/28 19:24:03.31 [info]: users DbGen/Mongo/SynchroStart Sync op on db syncops list
13/05/28 19:24:03.31 [info]: events DbGen/Mongo/SynchroStart Sync op on db syncops list
13/05/28 19:24:07.06 [info]: events DbGen/Mongo/SynchroStart Opening database
13/05/28 19:24:07.06 [notice]: DbGen/Mongo MongoDB found at '/usr/bin/mongod'
13/05/28 19:24:07.07 [notice]: DbGen/Mongo MongoDB seems launched (pid:1888)
13/05/28 19:24:07.07 [info]: users DbGen/Mongo/SynchroStart Opening database
13/05/28 19:24:07.07 [notice]: DbGen/Mongo MongoDB found at '/usr/bin/mongod'
13/05/28 19:24:07.07 [notice]: DbGen/Mongo MongoDB seems launched (pid:1888)
13/05/28 19:24:07.08 [info]: events DbGen/Mongo/SynchroStart Processing sync op 0, start ptjbsecgytdjyidp
13/05/28 19:24:07.08 [info]: users DbGen/Mongo/SynchroStart Processing sync op 0, start bitqmjciybvxkhtu
13/05/28 19:24:07.24 [notice]: DbGen/Mongo (success) Index [user] at [all] has been created
13/05/28 19:24:07.24 [info]: users DbGen/Mongo/SynchroStart Processing sync op, finished bitqmjciybvxkhtu
13/05/28 19:24:07.24 [info]: users DbGen/Mongo/SynchroStart Db is ready
13/05/28 19:24:07.24 [info]: users DbGen/Mongo/SynchroStart Process 0 operations on the db wait list, start
13/05/28 19:24:07.32 [info]: users DbGen/Mongo/SynchroStart Process 0 operations on the db wait list, finished
13/05/28 19:24:07.32 [notice]: DbGen/Mongo (success) Index [event_id] at [all] has been created
13/05/28 19:24:07.33 [info]: events DbGen/Mongo/SynchroStart Processing sync op, finished ptjbsecgytdjyidp
13/05/28 19:24:07.33 [info]: events DbGen/Mongo/SynchroStart Db is ready
13/05/28 19:24:07.33 [info]: events DbGen/Mongo/SynchroStart Process 0 operations on the db wait list, start
13/05/28 19:24:07.33 [info]: events DbGen/Mongo/SynchroStart Process 0 operations on the db wait list, finished
13/05/28 19:24:20.24 [info]: Cell_Server Delegate cell call
13/05/28 19:24:26.09 [info]: Cell_Server Delegate cell call
13/05/28 19:27:08.53 [error]: PING PING(74, {client = bn43ah13oquml8zwf2j4mtuaar4ocmoq; page = 5901830234046464}) not registered PING(73) already present
13/05/28 19:27:17.95 [info]: Cell_Server Delegate cell call
13/05/28 19:28:43.77 [error]: PING PING(72, {client = bn43ah13oquml8zwf2j4mtuaar4ocmoq; page = 2196222471307264}) not registered PING(71) already present
13/06/24 15:34:55.73 [info]: users DbGen/Mongo/SynchroStart Sync op on db syncops list
13/06/24 15:34:55.76 [info]: events DbGen/Mongo/SynchroStart Sync op on db syncops list
13/06/24 15:34:59.34 [info]: events DbGen/Mongo/SynchroStart Opening database
13/06/24 15:34:59.35 [notice]: DbGen/Mongo MongoDB found at '/usr/bin/mongod'
13/06/24 15:34:59.35 [notice]: DbGen/Mongo Launching MongoDB with --pidfilepath /tmp/opaMongo.pid --noprealloc --bind_ip 0.0.0.0 --dbpath /home/diel/.opa/mongo/data --fork --logpath /home/diel/.opa/mongo/mongo.log
13/06/24 15:34:59.44 [info]: users DbGen/Mongo/SynchroStart Opening database
13/06/24 15:34:59.44 [notice]: DbGen/Mongo MongoDB found at '/usr/bin/mongod'
13/06/24 15:34:59.44 [notice]: DbGen/Mongo Launching MongoDB with --pidfilepath /tmp/opaMongo.pid --noprealloc --bind_ip 0.0.0.0 --dbpath /home/diel/.opa/mongo/data --fork --logpath /home/diel/.opa/mongo/mongo.log
13/06/24 15:34:59.67 [notice]: DbGen/Mongo MongoDB seems launched (pid:2981)
13/06/24 15:34:59.68 [info]: events DbGen/Mongo/SynchroStart Processing sync op 0, start xdetrhnvfeenodxl
13/06/24 15:34:59.69 [notice]: DbGen/Mongo MongoDB seems launched (pid:2981)
13/06/24 15:34:59.69 [info]: users DbGen/Mongo/SynchroStart Processing sync op 0, start lextdjpwtogmktqu
13/06/24 15:34:59.71 [notice]: DbGen/Mongo (success) Index [event_id] at [all] has been created
13/06/24 15:34:59.71 [info]: events DbGen/Mongo/SynchroStart Processing sync op, finished xdetrhnvfeenodxl
13/06/24 15:34:59.71 [info]: events DbGen/Mongo/SynchroStart Db is ready
13/06/24 15:34:59.71 [info]: events DbGen/Mongo/SynchroStart Process 0 operations on the db wait list, start
13/06/24 15:34:59.71 [info]: events DbGen/Mongo/SynchroStart Process 0 operations on the db wait list, finished
13/06/24 15:34:59.73 [notice]: DbGen/Mongo (success) Index [user] at [all] has been created
13/06/24 15:34:59.74 [info]: users DbGen/Mongo/SynchroStart Processing sync op, finished lextdjpwtogmktqu
13/06/24 15:34:59.74 [info]: users DbGen/Mongo/SynchroStart Db is ready
13/06/24 15:34:59.74 [info]: users DbGen/Mongo/SynchroStart Process 0 operations on the db wait list, start
13/06/24 15:34:59.74 [info]: users DbGen/Mongo/SynchroStart Process 0 operations on the db wait list, finished
13/06/24 15:35:53.68 [info]: Cell_Server Delegate cell call
13/06/24 15:39:00.45 [info]: Cell_Server Delegate cell call
13/06/24 15:39:04.29 [info]: Cell_Server Delegate cell call
13/06/24 15:39:06.40 [info]: Cell_Server Delegate cell call
13/06/24 15:39:14.27 [info]: Cell_Server Delegate cell call
13/06/24 15:40:31.72 [info]: Cell_Server Delegate cell call
13/06/24 15:45:13.87 [info]: Cell_Server Delegate cell call
13/06/24 15:45:42.79 [info]: Cell_Server Delegate cell call
13/06/24 15:48:59.91 [info]: Cell_Server Delegate cell call
13/06/24 15:49:27.03 [info]: Cell_Server Delegate cell call
13/06/24 15:50:50.95 [info]: Cell_Server Delegate cell call
13/06/24 15:51:37.16 [info]: Cell_Server Delegate cell call
13/06/24 15:52:03.23 [info]: Cell_Server Delegate cell call
13/06/24 16:10:20.64 [info]: Cell_Server Delegate cell call
13/06/24 16:11:39.85 [info]: Cell_Server Delegate cell call
13/06/24 16:12:08.73 [info]: Cell_Server Delegate cell call
13/06/24 16:21:34.25 [info]: Cell_Server Delegate cell call
13/06/24 16:22:00.80 [info]: Cell_Server Delegate cell call
13/06/28 08:33:51.32 [info]: users DbGen/Mongo/SynchroStart Sync op on db syncops list
13/06/28 08:33:51.36 [info]: events DbGen/Mongo/SynchroStart Sync op on db syncops list
13/06/28 08:33:54.76 [info]: events DbGen/Mongo/SynchroStart Opening database
13/06/28 08:33:54.78 [notice]: DbGen/Mongo MongoDB found at '/usr/bin/mongod'
13/06/28 08:33:54.79 [notice]: DbGen/Mongo Launching MongoDB with --pidfilepath /tmp/opaMongo.pid --noprealloc --bind_ip 0.0.0.0 --dbpath /home/diel/.opa/mongo/data --fork --logpath /home/diel/.opa/mongo/mongo.log
13/06/28 08:33:54.93 [info]: users DbGen/Mongo/SynchroStart Opening database
13/06/28 08:33:54.93 [notice]: DbGen/Mongo MongoDB found at '/usr/bin/mongod'
13/06/28 08:33:54.93 [notice]: DbGen/Mongo Launching MongoDB with --pidfilepath /tmp/opaMongo.pid --noprealloc --bind_ip 0.0.0.0 --dbpath /home/diel/.opa/mongo/data --fork --logpath /home/diel/.opa/mongo/mongo.log
13/06/28 08:33:55.33 [notice]: DbGen/Mongo MongoDB seems launched (pid:1786)
13/06/28 08:33:55.33 [notice]: DbGen/Mongo MongoDB seems launched (pid:1786)
13/06/28 08:33:55.34 [info]: events DbGen/Mongo/SynchroStart Processing sync op 0, start svzaeaoaxrpixnso
13/06/28 08:33:55.35 [info]: users DbGen/Mongo/SynchroStart Processing sync op 0, start hqyufommcbgjnpmp
13/06/28 08:33:55.37 [notice]: DbGen/Mongo (success) Index [user] at [all] has been created
13/06/28 08:33:55.37 [info]: users DbGen/Mongo/SynchroStart Processing sync op, finished hqyufommcbgjnpmp
13/06/28 08:33:55.37 [info]: users DbGen/Mongo/SynchroStart Db is ready
13/06/28 08:33:55.37 [info]: users DbGen/Mongo/SynchroStart Process 0 operations on the db wait list, start
13/06/28 08:33:55.37 [info]: users DbGen/Mongo/SynchroStart Process 0 operations on the db wait list, finished
13/06/28 08:33:55.38 [notice]: DbGen/Mongo (success) Index [event_id] at [all] has been created
13/06/28 08:33:55.38 [info]: events DbGen/Mongo/SynchroStart Processing sync op, finished svzaeaoaxrpixnso
13/06/28 08:33:55.38 [info]: events DbGen/Mongo/SynchroStart Db is ready
13/06/28 08:33:55.38 [info]: events DbGen/Mongo/SynchroStart Process 0 operations on the db wait list, start
13/06/28 08:33:55.38 [info]: events DbGen/Mongo/SynchroStart Process 0 operations on the db wait list, finished
13/06/28 08:34:05.07 [info]: Cell_Server Delegate cell call
14/09/25 09:09:31.68 [info]: users DbGen/Mongo/SynchroStart Sync op on db syncops list
14/09/25 09:09:31.69 [info]: events DbGen/Mongo/SynchroStart Sync op on db syncops list
14/09/25 09:09:32.48 [info]: events DbGen/Mongo/SynchroStart Opening database
14/09/25 09:09:32.49 [notice]: DbGen/Mongo Looking for MongoDB in directory '/home/vagrant/.opa/mongo'
14/09/25 09:09:32.49 [notice]: DbGen/Mongo Launching MongoDB with --pidfilepath /tmp/opaMongo.pid --noprealloc --bind_ip 0.0.0.0 --dbpath /home/vagrant/.opa/mongo/data --fork --logpath /home/vagrant/.opa/mongo/mongo.log
14/09/25 09:09:32.50 [info]: users DbGen/Mongo/SynchroStart Opening database
14/09/25 09:09:32.50 [notice]: DbGen/Mongo Looking for MongoDB in directory '/home/vagrant/.opa/mongo'
14/09/25 09:09:32.50 [notice]: DbGen/Mongo Launching MongoDB with --pidfilepath /tmp/opaMongo.pid --noprealloc --bind_ip 0.0.0.0 --dbpath /home/vagrant/.opa/mongo/data --fork --logpath /home/vagrant/.opa/mongo/mongo.log
14/09/25 09:09:32.73 [notice]: DbGen/Mongo MongoDB seems launched (pid:13771)
14/09/25 09:09:32.73 [info]: events DbGen/Mongo/SynchroStart Processing sync op 0, start mgydbzlyfvulrupz
14/09/25 09:09:32.77 [notice]: DbGen/Mongo MongoDB seems launched (pid:13771)
14/09/25 09:09:32.77 [info]: users DbGen/Mongo/SynchroStart Processing sync op 0, start kbdevzvshiwlpotv
14/09/25 09:09:32.79 [notice]: DbGen/Mongo (success) Index [user] at [all] has been created
14/09/25 09:09:32.79 [info]: users DbGen/Mongo/SynchroStart Processing sync op, finished kbdevzvshiwlpotv
14/09/25 09:09:32.79 [info]: users DbGen/Mongo/SynchroStart Db is ready
14/09/25 09:09:32.79 [info]: users DbGen/Mongo/SynchroStart Process 0 operations on the db wait list, start
14/09/25 09:09:32.80 [info]: users DbGen/Mongo/SynchroStart Process 0 operations on the db wait list, finished
14/09/25 09:11:45.90 [info]: Cell_Server Delegate cell call
14/09/25 09:11:46.18 [info]: events DbGen/Mongo/SynchroStart Operation on db wait list
14/09/25 09:13:51.62 [info]: Cell_Server Delegate cell call
14/09/25 09:13:51.89 [info]: events DbGen/Mongo/SynchroStart Operation on db wait list
14/09/25 09:14:25.86 [info]: Cell_Server Delegate cell call
14/09/25 09:14:26.13 [info]: events DbGen/Mongo/SynchroStart Operation on db wait list
14/09/25 09:15:17.62 [info]: users DbGen/Mongo/SynchroStart Sync op on db syncops list
14/09/25 09:15:17.62 [info]: events DbGen/Mongo/SynchroStart Sync op on db syncops list
14/09/25 09:15:18.45 [info]: events DbGen/Mongo/SynchroStart Opening database
14/09/25 09:15:18.45 [notice]: DbGen/Mongo Looking for MongoDB in directory '/home/vagrant/.opa/mongo'
14/09/25 09:15:18.45 [notice]: DbGen/Mongo MongoDB seems launched (pid:13771)
14/09/25 09:15:18.46 [info]: users DbGen/Mongo/SynchroStart Opening database
14/09/25 09:15:18.46 [notice]: DbGen/Mongo Looking for MongoDB in directory '/home/vagrant/.opa/mongo'
14/09/25 09:15:18.46 [notice]: DbGen/Mongo MongoDB seems launched (pid:13771)
14/09/25 09:15:18.46 [info]: events DbGen/Mongo/SynchroStart Processing sync op 0, start xqwmsqlfwwfrljjm
14/09/25 09:15:18.47 [info]: users DbGen/Mongo/SynchroStart Processing sync op 0, start bseuigwmqwhkikrp
14/09/25 09:15:18.48 [notice]: DbGen/Mongo (success) Index [event_id] at [all] has been created
14/09/25 09:15:18.48 [info]: events DbGen/Mongo/SynchroStart Processing sync op, finished xqwmsqlfwwfrljjm
14/09/25 09:15:18.48 [info]: events DbGen/Mongo/SynchroStart Db is ready
14/09/25 09:15:18.48 [info]: events DbGen/Mongo/SynchroStart Process 0 operations on the db wait list, start
14/09/25 09:15:18.48 [info]: events DbGen/Mongo/SynchroStart Process 0 operations on the db wait list, finished
14/09/25 09:15:18.49 [notice]: DbGen/Mongo (success) Index [user] at [all] has been created
14/09/25 09:15:18.49 [info]: users DbGen/Mongo/SynchroStart Processing sync op, finished bseuigwmqwhkikrp
14/09/25 09:15:18.49 [info]: users DbGen/Mongo/SynchroStart Db is ready
14/09/25 09:15:18.49 [info]: users DbGen/Mongo/SynchroStart Process 0 operations on the db wait list, start
14/09/25 09:15:18.49 [info]: users DbGen/Mongo/SynchroStart Process 0 operations on the db wait list, finished
14/09/25 09:19:06.40 [info]: Cell_Server Delegate cell call
14/09/25 09:37:32.55 [info]: users DbGen/Mongo/SynchroStart Sync op on db syncops list
14/09/25 09:37:32.55 [info]: events DbGen/Mongo/SynchroStart Sync op on db syncops list
14/09/25 09:37:33.40 [info]: events DbGen/Mongo/SynchroStart Opening database
14/09/25 09:37:33.40 [notice]: DbGen/Mongo Looking for MongoDB in directory '/home/vagrant/.opa/mongo'
14/09/25 09:37:33.40 [notice]: DbGen/Mongo MongoDB seems launched (pid:13771)
14/09/25 09:37:33.41 [info]: users DbGen/Mongo/SynchroStart Opening database
14/09/25 09:37:33.41 [notice]: DbGen/Mongo Looking for MongoDB in directory '/home/vagrant/.opa/mongo'
14/09/25 09:37:33.41 [notice]: DbGen/Mongo MongoDB seems launched (pid:13771)
14/09/25 09:37:33.41 [info]: events DbGen/Mongo/SynchroStart Processing sync op 0, start rmueeiqpykasdmpr
14/09/25 09:37:33.42 [info]: users DbGen/Mongo/SynchroStart Processing sync op 0, start lkulgvchewlndnqz
14/09/25 09:37:33.43 [notice]: DbGen/Mongo (success) Index [event_id] at [all] has been created
14/09/25 09:37:33.43 [info]: events DbGen/Mongo/SynchroStart Processing sync op, finished rmueeiqpykasdmpr
14/09/25 09:37:33.43 [info]: events DbGen/Mongo/SynchroStart Db is ready
14/09/25 09:37:33.43 [info]: events DbGen/Mongo/SynchroStart Process 0 operations on the db wait list, start
14/09/25 09:37:33.43 [info]: events DbGen/Mongo/SynchroStart Process 0 operations on the db wait list, finished
14/09/25 09:37:33.44 [notice]: DbGen/Mongo (success) Index [user] at [all] has been created
14/09/25 09:37:33.44 [info]: users DbGen/Mongo/SynchroStart Processing sync op, finished lkulgvchewlndnqz
14/09/25 09:37:33.44 [info]: users DbGen/Mongo/SynchroStart Db is ready
14/09/25 09:37:33.44 [info]: users DbGen/Mongo/SynchroStart Process 0 operations on the db wait list, start
14/09/25 09:37:33.44 [info]: users DbGen/Mongo/SynchroStart Process 0 operations on the db wait list, finished
14/09/25 09:45:30.39 [info]: Cell_Server Delegate cell call
